<?xml version="1.0" encoding="utf-8"?><testsuites name="pytest tests"><testsuite name="pytest" errors="0" failures="0" skipped="0" tests="19" time="1.250" timestamp="2026-07-13T09:03:35.196644+00:00" hostname="agent-env-ebeb068a-b19c-428a-b341-d2bea1211a65"><testcase classname="tests.backend_test.TestFiles" name="test_folders_shape" time="0.172" /><testcase classname="tests.backend_test.TestSettings" name="test_get_settings_shape" time="0.127" /><testcase classname="tests.backend_test.TestSettings" name="test_put_settings_normalises_invalid_server_url_notaurl" time="0.154" /><testcase classname="tests.backend_test.TestFiles" name="test_videos_all" time="0.040" /><testcase classname="tests.backend_test.TestFiles" name="test_videos_filtered_by_folder" time="0.043" /><testcase classname="tests.backend_test.TestFiles" name="test_get_single_video" time="0.082" /><testcase classname="tests.backend_test.TestSettings" name="test_put_settings_normalises_single_char" time="0.044" /><testcase classname="tests.backend_test.TestSettings" name="test_put_settings_normalises_ollama_local_no_scheme" time="0.086" /><testcase classname="tests.backend_test.TestFiles" name="test_get_video_404" time="0.039" /><testcase classname="tests.backend_test.TestFiles" name="test_video_subtitles" time="0.082" /><testcase classname="tests.backend_test.TestSettings" name="test_put_settings_accepts_valid_https" time="0.047" /><testcase classname="tests.backend_test.TestAI" name="test_ai_query_upgrade" time="0.043" /><testcase classname="tests.backend_test.TestSettings" name="test_put_settings_accepts_valid_http" time="0.046" /><testcase classname="tests.backend_test.TestAI" name="test_ai_query_empty" time="0.079" /><testcase classname="tests.backend_test.TestSettings" name="test_put_settings_theme_accent" time="0.133" /><testcase classname="tests.backend_test.TestAI" name="test_ai_query_no_match" time="0.040" /><testcase classname="tests.backend_test.TestHealth" name="test_health_ok" time="0.038" /><testcase classname="tests.backend_test.TestServerTest" name="test_valid_url_ok" time="0.045" /><testcase classname="tests.backend_test.TestServerTest" name="test_invalid_url_fails" time="0.048" /></testsuite></testsuites>